['2019-12-31', '2019-09-30', '2019-06-30', '2019-03-31', '2018-12-31', '2018-09-30', '2018-06-30', '2018-03-31']
       SECUCODE  ... HOLD_CHANGE_RATIOTB
0     400065.NQ  ...                 NaN
1     400065.NQ  ...                 NaN
2     400065.NQ  ...                 NaN
3     400065.NQ  ...              0.6272
4     400065.NQ  ...                 NaN
...         ...  ...                 ...
2495  000669.SZ  ...              0.8328
2496  000669.SZ  ...              0.0000
2497  000669.SZ  ...                 NaN
2498  000669.SZ  ...              0.0000
2499  000669.SZ  ...                 NaN

[2500 rows x 39 columns]
       SECUCODE  ... HOLD_CHANGE_RATIOTB
0     000669.SZ  ...                 NaN
1     000692.SZ  ...              0.0000
2     000692.SZ  ...              0.0000
3     000692.SZ  ...              0.0000
4     000692.SZ  ...                 NaN
...         ...  ...                 ...
2495  600131.SH  ...             -1.8785
2496  600131.SH  ...             -1.2177
2497  600131.SH  ...                 NaN
2498  600131.SH  ...                 NaN
2499  600131.SH  ...                 NaN

[2500 rows x 39 columns]
       SECUCODE  ... HOLD_CHANGE_RATIOTB
0     600131.SH  ...                 NaN
1     600133.SH  ...             12.5728
2     600133.SH  ...             -0.1723
3     600133.SH  ...             -0.1203
4     600133.SH  ...             -0.0690
...         ...  ...                 ...
2495  002035.SZ  ...                 NaN
2496  002035.SZ  ...                 NaN
2497  002035.SZ  ...             -0.5119
2498  002038.SZ  ...             -0.4050
2499  002038.SZ  ...              0.0040

[2500 rows x 39 columns]
       SECUCODE  ... HOLD_CHANGE_RATIOTB
0     002038.SZ  ...              0.0876
1     002038.SZ  ...              0.0000
2     002038.SZ  ...             -0.0858
3     002038.SZ  ...             -0.1172
4     002038.SZ  ...             -0.0550
...         ...  ...                 ...
2495  600122.SH  ...              0.0000
2496  600122.SH  ...              0.0000
2497  600122.SH  ...              0.0000
2498  600122.SH  ...              0.0000
2499  600122.SH  ...              0.0000

[2500 rows x 39 columns]
       SECUCODE  ... HOLD_CHANGE_RATIOTB
0     600122.SH  ...              0.0000
1     600122.SH  ...                 NaN
2     600128.SH  ...              0.0000
3     600128.SH  ...              0.0000
4     600128.SH  ...                 NaN
...         ...  ...                 ...
2495  002363.SZ  ...              0.0013
2496  002363.SZ  ...                 NaN
2497  002363.SZ  ...             -0.0728
2498  002365.SZ  ...              0.0000
2499  002365.SZ  ...              0.0000

[2500 rows x 39 columns]
       SECUCODE  ... HOLD_CHANGE_RATIOTB
0     002365.SZ  ...              0.0000
1     002365.SZ  ...                 NaN
2     002365.SZ  ...              0.0000
3     002365.SZ  ...             -0.0076
4     002365.SZ  ...             -0.0135
...         ...  ...                 ...
2495  400228.NQ  ...                 NaN
2496  400228.NQ  ...             -0.0116
2497  400228.NQ  ...             -0.0790
2498  400228.NQ  ...                 NaN
2499  400228.NQ  ...                 NaN

[2500 rows x 39 columns]
       SECUCODE  ... HOLD_CHANGE_RATIOTB
0     400228.NQ  ...             -1.6512
1     400228.NQ  ...             -0.1124
2     400228.NQ  ...                 NaN
3     400228.NQ  ...                 NaN
4     400251.NQ  ...             -0.1741
...         ...  ...                 ...
2495  300024.SZ  ...              0.0000
2496  300024.SZ  ...              0.0000
2497  300024.SZ  ...             -0.1923
2498  300024.SZ  ...              0.0000
2499  300024.SZ  ...              0.0000

[2500 rows x 39 columns]
       SECUCODE  ... HOLD_CHANGE_RATIOTB
0     300024.SZ  ...             -0.7121
1     300024.SZ  ...                 NaN
2     300024.SZ  ...             -0.6537
3     300024.SZ  ...                 NaN
4     300024.SZ  ...                 NaN
...         ...  ...                 ...
2495  600336.SH  ...              5.5578
2496  600336.SH  ...              0.0000
2497  600336.SH  ...              0.2419
2498  600336.SH  ...              0.0405
2499  600336.SH  ...              0.0097

[2500 rows x 39 columns]
       SECUCODE SECURITY_CODE  ... HOLD_ORG_CODE_SOURCE HOLD_CHANGE_RATIOTB
0     600336.SH        600336  ...                 None             -0.0007
1     600336.SH        600336  ...                 None                 NaN
2     600336.SH        600336  ...                 None                 NaN
3     600336.SH        600336  ...                 None              0.0007
4     600336.SH        600336  ...                 None             -0.0001
...         ...           ...  ...                  ...                 ...
2495  600173.SH        600173  ...                 None              0.0380
2496  600173.SH        600173  ...                 None             -0.2996
2497  600173.SH        600173  ...                 None                 NaN
2498  600173.SH        600173  ...                 None              0.0293
2499  600173.SH        600173  ...                 None              0.0286

[2500 rows x 39 columns]
       SECUCODE  ... HOLD_CHANGE_RATIOTB
0     600212.SH  ...                 NaN
1     600212.SH  ...                 NaN
2     600212.SH  ...              0.5215
3     600212.SH  ...                 NaN
4     600212.SH  ...            -12.8332
...         ...  ...                 ...
2495  603416.SH  ...                 NaN
2496  603416.SH  ...                 NaN
2497  603416.SH  ...             -0.4619
2498  603416.SH  ...                 NaN
2499  603416.SH  ...                 NaN

[2500 rows x 39 columns]
       SECUCODE  ... HOLD_CHANGE_RATIOTB
0     603517.SH  ...                 NaN
1     603517.SH  ...                 NaN
2     603517.SH  ...             -4.2709
3     603517.SH  ...                 NaN
4     603517.SH  ...                 NaN
...         ...  ...                 ...
2495  002222.SZ  ...              0.0000
2496  002222.SZ  ...                 NaN
2497  002222.SZ  ...                 NaN
2498  002222.SZ  ...                 NaN
2499  002222.SZ  ...                 NaN

[2500 rows x 39 columns]
       SECUCODE  ... HOLD_CHANGE_RATIOTB
0     002222.SZ  ...                 NaN
1     002222.SZ  ...                 NaN
2     002222.SZ  ...                 NaN
3     002222.SZ  ...                 NaN
4     002223.SZ  ...                 0.0
...         ...  ...                 ...
2495  688021.SH  ...                 NaN
2496  688021.SH  ...                 NaN
2497  688021.SH  ...                 NaN
2498  688058.SH  ...                 NaN
2499  688058.SH  ...                 NaN

[2500 rows x 39 columns]
       SECUCODE  ... HOLD_CHANGE_RATIOTB
0     688058.SH  ...                 NaN
1     688058.SH  ...                 NaN
2     688058.SH  ...                 NaN
3     688058.SH  ...                 NaN
4     688058.SH  ...                 NaN
...         ...  ...                 ...
2495  430023.NQ  ...              0.8471
2496  430023.NQ  ...              0.0000
2497  430023.NQ  ...              0.5076
2498  430023.NQ  ...              0.0000
2499  430023.NQ  ...              0.3481

[2500 rows x 39 columns]
       SECUCODE  ... HOLD_CHANGE_RATIOTB
0     430023.NQ  ...                 NaN
1     430023.NQ  ...                 NaN
2     600018.SH  ...                 0.0
3     600018.SH  ...                 0.0
4     600018.SH  ...                 0.0
...         ...  ...                 ...
2495  002023.SZ  ...                 NaN
2496  002023.SZ  ...                 NaN
2497  002023.SZ  ...                 NaN
2498  002023.SZ  ...                 NaN
2499  002023.SZ  ...                 0.0

[2500 rows x 39 columns]
       SECUCODE  ... HOLD_CHANGE_RATIOTB
0     002033.SZ  ...              0.0000
1     002033.SZ  ...              0.0000
2     002033.SZ  ...              0.0000
3     002033.SZ  ...              0.0000
4     002033.SZ  ...                 NaN
...         ...  ...                 ...
2495  600511.SH  ...              1.0594
2496  600511.SH  ...              0.0164
2497  600511.SH  ...              0.0133
2498  600511.SH  ...                 NaN
2499  600511.SH  ...                 NaN

[2500 rows x 39 columns]
       SECUCODE  ... HOLD_CHANGE_RATIOTB
0     600511.SH  ...                 NaN
1     600511.SH  ...                 NaN
2     600511.SH  ...                 NaN
3     600588.SH  ...             -0.1216
4     600588.SH  ...             -0.0639
...         ...  ...                 ...
2495  600585.SH  ...              0.0013
2496  600585.SH  ...              2.5856
2497  600585.SH  ...              0.0000
2498  600585.SH  ...              0.0000
2499  600585.SH  ...             -1.8681

[2500 rows x 39 columns]
       SECUCODE  ... HOLD_CHANGE_RATIOTB
0     600585.SH  ...                 NaN
1     600585.SH  ...              0.0674
2     600585.SH  ...              0.0000
3     600585.SH  ...             -0.1124
4     600644.SH  ...              0.0000
...         ...  ...                 ...
2287  300617.SZ  ...                 NaN
2288  300617.SZ  ...              0.0000
2289  300617.SZ  ...                 NaN
2290  300617.SZ  ...                 NaN
2291  300617.SZ  ...             -0.0211

[2292 rows x 39 columns]

===========

2019-12-31
       SECUCODE  ... HOLD_CHANGE_RATIOTB
0     002477.SZ  ...             -0.1115
1     002477.SZ  ...              0.0000
2     002477.SZ  ...              0.0000
3     002477.SZ  ...             -0.0412
4     002477.SZ  ...                 NaN
...         ...  ...                 ...
2495  002565.SZ  ...             -3.8915
2496  002565.SZ  ...              0.0162
2497  002565.SZ  ...                 NaN
2498  002565.SZ  ...              0.0032
2499  002565.SZ  ...                 NaN

[2500 rows x 39 columns]
       SECUCODE  ... HOLD_CHANGE_RATIOTB
0     002565.SZ  ...                 NaN
1     002565.SZ  ...                 NaN
2     002565.SZ  ...                 NaN
3     002565.SZ  ...                 NaN
4     002569.SZ  ...                 NaN
...         ...  ...                 ...
2495  600493.SH  ...              0.0000
2496  600493.SH  ...              1.4378
2497  600493.SH  ...              0.0000
2498  600493.SH  ...              0.0000
2499  600493.SH  ...             -0.1944

[2500 rows x 39 columns]
       SECUCODE  ... HOLD_CHANGE_RATIOTB
0     600493.SH  ...             -1.1194
1     600493.SH  ...                 NaN
2     600499.SH  ...              0.0000
3     600499.SH  ...              0.0000
4     600499.SH  ...                 NaN
...         ...  ...                 ...
2495  603990.SH  ...                 NaN
2496  603990.SH  ...                 NaN
2497  688010.SH  ...                 NaN
2498  688010.SH  ...                 NaN
2499  688010.SH  ...                 NaN

[2500 rows x 39 columns]
       SECUCODE SECURITY_CODE  ... HOLD_ORG_CODE_SOURCE HOLD_CHANGE_RATIOTB
0     688010.SH        688010  ...                 None                 NaN
1     688010.SH        688010  ...                 None                 NaN
2     688010.SH        688010  ...                 None                 NaN
3     688010.SH        688010  ...                 None                 NaN
4     688010.SH        688010  ...                 None                 NaN
...         ...           ...  ...                  ...                 ...
2495  002781.SZ        002781  ...                 None                 NaN
2496  002781.SZ        002781  ...                 None                 NaN
2497  002781.SZ        002781  ...                 None                 NaN
2498  002785.SZ        002785  ...                 None                 NaN
2499  002785.SZ        002785  ...                 None              3.0449

[2500 rows x 39 columns]
       SECUCODE SECURITY_CODE  ... HOLD_ORG_CODE_SOURCE HOLD_CHANGE_RATIOTB
0     002785.SZ        002785  ...                 None                 NaN
1     002785.SZ        002785  ...                 None                 NaN
2     002785.SZ        002785  ...                 None             -3.0000
3     002785.SZ        002785  ...                 None                 NaN
4     002785.SZ        002785  ...                 None              0.3246
...         ...           ...  ...                  ...                 ...
2495  400089.NQ        400089  ...                 None                 NaN
2496  400089.NQ        400089  ...                 None              0.1788
2497  400089.NQ        400089  ...                 None                 NaN
2498  400093.NQ        400093  ...                 None             -0.1239
2499  400093.NQ        400093  ...                 None             -1.0000

[2500 rows x 39 columns]
       SECUCODE  ... HOLD_CHANGE_RATIOTB
0     400093.NQ  ...                 NaN
1     400093.NQ  ...                 NaN
2     400093.NQ  ...             -0.0314
3     400093.NQ  ...                 NaN
4     400093.NQ  ...                 NaN
...         ...  ...                 ...
2495  600791.SH  ...              0.0000
2496  600791.SH  ...              0.0000
2497  600791.SH  ...                 NaN
2498  600791.SH  ...                 NaN
2499  600791.SH  ...                 NaN

[2500 rows x 39 columns]
       SECUCODE  ... HOLD_CHANGE_RATIOTB
0     600791.SH  ...              0.0433
1     600791.SH  ...             -0.0305
2     600791.SH  ...                 NaN
3     600796.SH  ...              0.0000
4     600796.SH  ...             -0.0357
...         ...  ...                 ...
2495  603998.SH  ...             -0.0210
2496  603998.SH  ...             -0.0371
2497  603998.SH  ...             -0.0146
2498  603998.SH  ...             -0.0187
2499  603998.SH  ...             -0.0144

[2500 rows x 39 columns]
       SECUCODE SECURITY_CODE  ... HOLD_ORG_CODE_SOURCE HOLD_CHANGE_RATIOTB
0     603998.SH        603998  ...                 None             -0.0169
1     603998.SH        603998  ...                 None                 NaN
2     688005.SH        688005  ...                 None                 NaN
3     688005.SH        688005  ...                 None                 NaN
4     688005.SH        688005  ...                 None                 NaN
...         ...           ...  ...                  ...                 ...
2495  002908.SZ        002908  ...                 None                 NaN
2496  002908.SZ        002908  ...                 None                 NaN
2497  002908.SZ        002908  ...                 None                 NaN
2498  002908.SZ        002908  ...                 None                 NaN
2499  002908.SZ        002908  ...                 None                 NaN

[2500 rows x 39 columns]
       SECUCODE  ... HOLD_CHANGE_RATIOTB
0     002908.SZ  ...                 NaN
1     002908.SZ  ...                 NaN
2     002908.SZ  ...                 NaN
3     002911.SZ  ...                 NaN
4     002911.SZ  ...                 NaN
...         ...  ...                 ...
2495  600053.SH  ...              0.0193
2496  600053.SH  ...              0.0226
2497  600053.SH  ...                 NaN
2498  600053.SH  ...                 NaN
2499  600054.SH  ...              0.9751

[2500 rows x 39 columns]
       SECUCODE  ... HOLD_CHANGE_RATIOTB
0     600054.SH  ...              0.0336
1     600054.SH  ...              0.0261
2     600054.SH  ...             -0.3568
3     600054.SH  ...              0.1353
4     600054.SH  ...              0.0203
...         ...  ...                 ...
2495  603738.SH  ...                 NaN
2496  603738.SH  ...             -0.9712
2497  603739.SH  ...                 NaN
2498  603739.SH  ...                 NaN
2499  603739.SH  ...                 NaN

[2500 rows x 39 columns]
       SECUCODE  ... HOLD_CHANGE_RATIOTB
0     603739.SH  ...                 NaN
1     603739.SH  ...                 NaN
2     603739.SH  ...                 NaN
3     603739.SH  ...                 NaN
4     603739.SH  ...                 NaN
...         ...  ...                 ...
2495  601268.SH  ...             -0.4319
2496  601268.SH  ...             -0.4249
2497  601268.SH  ...             -0.3707
2498  601399.SH  ...             -2.0097
2499  601399.SH  ...             -1.5436

[2500 rows x 39 columns]
       SECUCODE  ... HOLD_CHANGE_RATIOTB
0     601399.SH  ...             -1.3780
1     601399.SH  ...             -1.0833
2     601399.SH  ...             -1.0529
3     601399.SH  ...             -0.9042
4     601399.SH  ...             -0.4896
...         ...  ...                 ...
2495  400226.NQ  ...             -0.1320
2496  400226.NQ  ...                 NaN
2497  400226.NQ  ...                 NaN
2498  400226.NQ  ...                 NaN
2499  400226.NQ  ...             -0.0013

[2500 rows x 39 columns]
       SECUCODE SECURITY_CODE  ... HOLD_ORG_CODE_SOURCE HOLD_CHANGE_RATIOTB
0     420091.NQ        420091  ...                 None              0.0000
1     420091.NQ        420091  ...                 None              0.0722
2     420091.NQ        420091  ...                 None              0.0000
3     420091.NQ        420091  ...                 None              0.1115
4     420091.NQ        420091  ...                 None              0.0291
...         ...           ...  ...                  ...                 ...
2495  002290.SZ        002290  ...                 None                 NaN
2496  002290.SZ        002290  ...                 None                 NaN
2497  002290.SZ        002290  ...                 None              0.2925
2498  002290.SZ        002290  ...                 None                 NaN
2499  002290.SZ        002290  ...                 None                 NaN

[2500 rows x 39 columns]
       SECUCODE  ... HOLD_CHANGE_RATIOTB
0     002290.SZ  ...                 NaN
1     002307.SZ  ...              0.0000
2     002307.SZ  ...              0.0000
3     002307.SZ  ...                 NaN
4     002307.SZ  ...                 NaN
...         ...  ...                 ...
2495  603160.SH  ...              0.0568
2496  603160.SH  ...                 NaN
2497  603160.SH  ...                 NaN
2498  603160.SH  ...              0.0566
2499  603160.SH  ...             -0.4090

[2500 rows x 39 columns]
       SECUCODE  ... HOLD_CHANGE_RATIOTB
0     603166.SH  ...              0.2851
1     603166.SH  ...              0.0166
2     603166.SH  ...              0.0042
3     603166.SH  ...              0.0037
4     603166.SH  ...                 NaN
...         ...  ...                 ...
2495  002125.SZ  ...                 NaN
2496  002125.SZ  ...                 NaN
2497  002125.SZ  ...                 NaN
2498  002125.SZ  ...                 NaN
2499  002125.SZ  ...             -0.1986

[2500 rows x 39 columns]
       SECUCODE  ... HOLD_CHANGE_RATIOTB
0     002128.SZ  ...             -8.8507
1     002128.SZ  ...             -0.8576
2     002128.SZ  ...             -0.2010
3     002128.SZ  ...             -0.0938
4     002128.SZ  ...                 NaN
...         ...  ...                 ...
2495  601677.SH  ...              1.4095
2496  601677.SH  ...             -0.1226
2497  601677.SH  ...             -0.1047
2498  601677.SH  ...                 NaN
2499  601677.SH  ...                 NaN

[2500 rows x 39 columns]
       SECUCODE  ... HOLD_CHANGE_RATIOTB
0     603031.SH  ...             50.1233
1     603031.SH  ...              0.0000
2     603031.SH  ...             -0.3614
3     603031.SH  ...             -0.4387
4     603031.SH  ...                 NaN
...         ...  ...                 ...
1500  002913.SZ  ...                 NaN
1501  002913.SZ  ...              0.0950
1502  002913.SZ  ...              0.2174
1503  002913.SZ  ...                 NaN
1504  002913.SZ  ...                 NaN

[1505 rows x 39 columns]

===========

2019-09-30
       SECUCODE  ... HOLD_CHANGE_RATIOTB
0     603068.SH  ...                 NaN
1     603068.SH  ...                 NaN
2     603068.SH  ...                 NaN
3     603068.SH  ...                 NaN
4     603068.SH  ...                 NaN
...         ...  ...                 ...
2495  600638.SH  ...              0.0000
2496  600638.SH  ...              3.4874
2497  600638.SH  ...              0.0000
2498  600638.SH  ...              0.0000
2499  600638.SH  ...              0.0000

[2500 rows x 39 columns]
       SECUCODE  ... HOLD_CHANGE_RATIOTB
0     600638.SH  ...                 0.0
1     600638.SH  ...                 NaN
2     600638.SH  ...                 NaN
3     600640.SH  ...                 0.0
4     600640.SH  ...                 0.0
...         ...  ...                 ...
2495  300006.SZ  ...                 0.0
2496  300006.SZ  ...                 0.0
2497  300006.SZ  ...                 NaN
2498  300006.SZ  ...                 NaN
2499  300006.SZ  ...                 0.0

[2500 rows x 39 columns]
       SECUCODE  ... HOLD_CHANGE_RATIOTB
0     300006.SZ  ...                 NaN
1     300006.SZ  ...                 NaN
2     300006.SZ  ...                 NaN
3     300011.SZ  ...             -3.8214
4     300011.SZ  ...                 NaN
...         ...  ...                 ...
2495  400252.NQ  ...              8.0194
2496  400252.NQ  ...             -0.1425
2497  400252.NQ  ...             -0.1425
2498  400252.NQ  ...                 NaN
2499  400252.NQ  ...             -1.3422

[2500 rows x 39 columns]
       SECUCODE  ... HOLD_CHANGE_RATIOTB
0     400252.NQ  ...                 NaN
1     400252.NQ  ...                 NaN
2     400252.NQ  ...                 NaN
3     400252.NQ  ...                 NaN
4     400252.NQ  ...                 NaN
...         ...  ...                 ...
2495  002107.SZ  ...                 0.0
2496  002107.SZ  ...                 0.0
2497  002107.SZ  ...                 0.0
2498  002107.SZ  ...                 0.0
2499  002107.SZ  ...                 NaN

[2500 rows x 39 columns]
       SECUCODE  ... HOLD_CHANGE_RATIOTB
0     002107.SZ  ...              0.0000
1     002107.SZ  ...              0.0000
2     002107.SZ  ...              0.0000
3     002107.SZ  ...             -0.0859
4     002107.SZ  ...                 NaN
...         ...  ...                 ...
2495  601699.SH  ...              0.0000
2496  601699.SH  ...                 NaN
2497  601699.SH  ...              0.0309
2498  601699.SH  ...                 NaN
2499  601717.SH  ...              0.0000

[2500 rows x 39 columns]
       SECUCODE  ... HOLD_CHANGE_RATIOTB
0     601717.SH  ...              0.0000
1     601717.SH  ...              1.4985
2     601717.SH  ...              1.3503
3     601717.SH  ...              0.0000
4     601717.SH  ...              0.0929
...         ...  ...                 ...
2495  300486.SZ  ...             -0.1910
2496  300486.SZ  ...             -1.3710
2497  300486.SZ  ...                 NaN
2498  300486.SZ  ...             -0.1080
2499  300486.SZ  ...                 NaN

[2500 rows x 39 columns]
       SECUCODE  ... HOLD_CHANGE_RATIOTB
0     300486.SZ  ...                 NaN
1     300486.SZ  ...                 NaN
2     300488.SZ  ...              1.2084
3     300488.SZ  ...                 NaN
4     300488.SZ  ...              0.0066
...         ...  ...                 ...
2495  603611.SH  ...             -0.1324
2496  603611.SH  ...                 NaN
2497  603618.SH  ...             -0.1869
2498  603618.SH  ...             -0.1246
2499  603618.SH  ...             -0.0169

[2500 rows x 39 columns]
       SECUCODE  ... HOLD_CHANGE_RATIOTB
0     603618.SH  ...             -0.0067
1     603618.SH  ...             -0.0044
2     603618.SH  ...             -0.0044
3     603618.SH  ...                 NaN
4     603618.SH  ...                 NaN
...         ...  ...                 ...
2495  300490.SZ  ...                 NaN
2496  300490.SZ  ...             -2.2295
2497  300490.SZ  ...                 NaN
2498  300490.SZ  ...                 NaN
2499  300500.SZ  ...                 NaN

[2500 rows x 39 columns]
       SECUCODE  ... HOLD_CHANGE_RATIOTB
0     300500.SZ  ...                 NaN
1     300500.SZ  ...                 NaN
2     300500.SZ  ...                 NaN
3     300500.SZ  ...                 NaN
4     300500.SZ  ...                 NaN
...         ...  ...                 ...
2495  002793.SZ  ...                 NaN
2496  002793.SZ  ...                 NaN
2497  002795.SZ  ...                 NaN
2498  002795.SZ  ...                 NaN
2499  002795.SZ  ...                 NaN

[2500 rows x 39 columns]
       SECUCODE  ... HOLD_CHANGE_RATIOTB
0     002795.SZ  ...              0.0000
1     002795.SZ  ...             -0.0030
2     002795.SZ  ...              0.3915
3     002795.SZ  ...                 NaN
4     002795.SZ  ...                 NaN
...         ...  ...                 ...
2495  600523.SH  ...                 NaN
2496  600523.SH  ...                 NaN
2497  600528.SH  ...              0.0000
2498  600528.SH  ...              0.0000
2499  600528.SH  ...              0.0000

[2500 rows x 39 columns]
       SECUCODE  ... HOLD_CHANGE_RATIOTB
0     600528.SH  ...              0.0591
1     600528.SH  ...              0.0000
2     600528.SH  ...              0.0000
3     600528.SH  ...              0.0000
4     600528.SH  ...              0.0000
...         ...  ...                 ...
2495  600019.SH  ...             -0.0003
2496  600019.SH  ...              0.2060
2497  600022.SH  ...             -0.0662
2498  600022.SH  ...              0.0000
2499  600022.SH  ...              0.0000

[2500 rows x 39 columns]
       SECUCODE  ... HOLD_CHANGE_RATIOTB
0     600022.SH  ...                 NaN
1     600022.SH  ...             -1.4151
2     600022.SH  ...              0.4058
3     600022.SH  ...              0.0056
4     600022.SH  ...                 NaN
...         ...  ...                 ...
2495  600746.SH  ...                 NaN
2496  600746.SH  ...              0.0686
2497  600746.SH  ...              0.0000
2498  600746.SH  ...                 NaN
2499  600746.SH  ...                 NaN

[2500 rows x 39 columns]
       SECUCODE  ... HOLD_CHANGE_RATIOTB
0     600746.SH  ...                 NaN
1     600863.SH  ...             -0.0065
2     600863.SH  ...              0.3320
3     600863.SH  ...                 NaN
4     600863.SH  ...             -0.0274
...         ...  ...                 ...
2495  600489.SH  ...                 NaN
2496  600489.SH  ...                 NaN
2497  600489.SH  ...              0.0956
2498  600489.SH  ...                 NaN
2499  600489.SH  ...                 NaN

[2500 rows x 39 columns]
       SECUCODE  ... HOLD_CHANGE_RATIOTB
0     600526.SH  ...              0.0000
1     600526.SH  ...              0.0000
2     600526.SH  ...              0.0000
3     600526.SH  ...                 NaN
4     600526.SH  ...                 NaN
...         ...  ...                 ...
2495  600251.SH  ...              0.0505
2496  600251.SH  ...              0.2049
2497  600310.SH  ...              0.0000
2498  600310.SH  ...              0.0000
2499  600310.SH  ...              0.0000

[2500 rows x 39 columns]
       SECUCODE  ... HOLD_CHANGE_RATIOTB
0     600310.SH  ...             -0.4805
1     600310.SH  ...             -0.3796
2     600310.SH  ...              0.0000
3     600310.SH  ...                 NaN
4     600310.SH  ...             -0.0090
...         ...  ...                 ...
2495  300031.SZ  ...             -0.8163
2496  300031.SZ  ...              0.0000
2497  300031.SZ  ...             -0.8895
2498  300031.SZ  ...                 NaN
2499  300031.SZ  ...             -0.4219

[2500 rows x 39 columns]
       SECUCODE  ... HOLD_CHANGE_RATIOTB
0     300082.SZ  ...              0.0744
1     300082.SZ  ...              0.0067
2     300082.SZ  ...              0.0012
3     300082.SZ  ...                 NaN
4     300082.SZ  ...              0.0012
...         ...  ...                 ...
2495  300284.SZ  ...             -0.0196
2496  300390.SZ  ...              5.5382
2497  300390.SZ  ...              0.0000
2498  300390.SZ  ...             -0.3454
2499  300390.SZ  ...                 NaN

[2500 rows x 39 columns]
      SECUCODE  ... HOLD_CHANGE_RATIOTB
0    300390.SZ  ...                 NaN
1    300390.SZ  ...               0.000
2    300390.SZ  ...                 NaN
3    300390.SZ  ...                 NaN
4    300390.SZ  ...                 NaN
..         ...  ...                 ...
820  600696.SH  ...               0.000
821  600696.SH  ...               0.000
822  600696.SH  ...               0.000
823  600696.SH  ...               0.000
824  600696.SH  ...              -0.024

[825 rows x 39 columns]

===========

2019-06-30
       SECUCODE  ... HOLD_CHANGE_RATIOTB
0     000535.SZ  ...              0.2020
1     000535.SZ  ...                 NaN
2     000535.SZ  ...                 NaN
3     000535.SZ  ...                 NaN
4     000535.SZ  ...                 NaN
...         ...  ...                 ...
2495  002291.SZ  ...                 NaN
2496  002291.SZ  ...                 NaN
2497  002291.SZ  ...              0.4691
2498  002291.SZ  ...             -0.0460
2499  002291.SZ  ...              0.0000

[2500 rows x 39 columns]
       SECUCODE  ... HOLD_CHANGE_RATIOTB
0     002291.SZ  ...              0.0000
1     002291.SZ  ...              0.0000
2     002303.SZ  ...              0.3095
3     002303.SZ  ...              0.0765
4     002303.SZ  ...              0.0361
...         ...  ...                 ...
2495  400217.NQ  ...                 NaN
2496  400217.NQ  ...                 NaN
2497  400217.NQ  ...              0.0000
2498  400217.NQ  ...              0.0000
2499  400217.NQ  ...                 NaN

[2500 rows x 39 columns]
       SECUCODE  ... HOLD_CHANGE_RATIOTB
0     400217.NQ  ...                 NaN
1     400222.NQ  ...              0.0000
2     400222.NQ  ...              0.0000
3     400222.NQ  ...              0.0000
4     400222.NQ  ...              0.0000
...         ...  ...                 ...
2495  600654.SH  ...              0.3618
2496  600654.SH  ...              0.0000
2497  600654.SH  ...              0.0000
2498  600654.SH  ...                 NaN
2499  600654.SH  ...              0.0780

[2500 rows x 39 columns]
       SECUCODE  ... HOLD_CHANGE_RATIOTB
0     600654.SH  ...              0.0699
1     600654.SH  ...              0.0163
2     600654.SH  ...              0.0251
3     600655.SH  ...            -10.8532
4     600655.SH  ...             -5.6318
...         ...  ...                 ...
2495  603577.SH  ...                 NaN
2496  603577.SH  ...              0.0000
2497  603577.SH  ...             -2.6823
2498  603577.SH  ...              0.0981
2499  603577.SH  ...                 NaN

[2500 rows x 39 columns]
       SECUCODE  ... HOLD_CHANGE_RATIOTB
0     603585.SH  ...                 NaN
1     603585.SH  ...                 NaN
2     603585.SH  ...             -1.2728
3     603585.SH  ...                 NaN
4     603585.SH  ...                 NaN
...         ...  ...                 ...
2495  300320.SZ  ...                 NaN
2496  300320.SZ  ...                 NaN
2497  300323.SZ  ...             -3.1427
2498  300323.SZ  ...             -2.8200
2499  300323.SZ  ...             -4.0552

[2500 rows x 39 columns]
       SECUCODE  ... HOLD_CHANGE_RATIOTB
0     300323.SZ  ...                 NaN
1     300323.SZ  ...                 NaN
2     300323.SZ  ...                 NaN
3     300323.SZ  ...             -0.3471
4     300323.SZ  ...             -2.3462
...         ...  ...                 ...
2495  000806.SZ  ...              0.0556
2496  000806.SZ  ...                 NaN
2497  000806.SZ  ...                 NaN
2498  000806.SZ  ...              0.0000
2499  000809.SZ  ...              0.0000

[2500 rows x 39 columns]
       SECUCODE  ... HOLD_CHANGE_RATIOTB
0     000809.SZ  ...              0.4665
1     000809.SZ  ...                 NaN
2     000809.SZ  ...              0.1570
3     000809.SZ  ...              0.0000
4     000809.SZ  ...              0.0016
...         ...  ...                 ...
2495  300291.SZ  ...                 NaN
2496  300291.SZ  ...                 NaN
2497  300291.SZ  ...              0.0000
2498  300291.SZ  ...             -0.0294
2499  300291.SZ  ...              0.0000

[2500 rows x 39 columns]
       SECUCODE  ... HOLD_CHANGE_RATIOTB
0     300291.SZ  ...              0.0000
1     300291.SZ  ...                 NaN
2     300291.SZ  ...             -0.0228
3     300291.SZ  ...              0.0000
4     300291.SZ  ...              0.0073
...         ...  ...                 ...
2495  600780.SH  ...              0.0000
2496  600780.SH  ...              0.0002
2497  600780.SH  ...              0.0000
2498  600780.SH  ...              0.0000
2499  600780.SH  ...              0.0000

[2500 rows x 39 columns]
       SECUCODE  ... HOLD_CHANGE_RATIOTB
0     600780.SH  ...              0.0000
1     600780.SH  ...              0.0000
2     600780.SH  ...              0.0000
3     600780.SH  ...              0.0000
4     600780.SH  ...              0.0000
...         ...  ...                 ...
2495  000959.SZ  ...              0.1432
2496  000959.SZ  ...              0.0000
2497  000959.SZ  ...              0.0000
2498  000959.SZ  ...              0.0000
2499  000959.SZ  ...                 NaN

[2500 rows x 39 columns]
       SECUCODE  ... HOLD_CHANGE_RATIOTB
0     000959.SZ  ...                 NaN
1     000975.SZ  ...              0.1422
2     000975.SZ  ...              0.0000
3     000975.SZ  ...              0.4400
4     000975.SZ  ...             -1.1610
...         ...  ...                 ...
2495  300333.SZ  ...                 NaN
2496  300340.SZ  ...              0.0000
2497  300340.SZ  ...             -0.1279
2498  300340.SZ  ...              0.0000
2499  300340.SZ  ...              0.0000

[2500 rows x 39 columns]
       SECUCODE SECURITY_CODE  ... HOLD_ORG_CODE_SOURCE HOLD_CHANGE_RATIOTB
0     300340.SZ        300340  ...                 None                 NaN
1     300340.SZ        300340  ...                 None                 NaN
2     300340.SZ        300340  ...                 None              0.0000
3     300340.SZ        300340  ...                 None                 NaN
4     300340.SZ        300340  ...                 None                 NaN
...         ...           ...  ...                  ...                 ...
2495  600702.SH        600702  ...                 None                 NaN
2496  600702.SH        600702  ...                 None             -0.5257
2497  600702.SH        600702  ...                 None              0.0000
2498  600702.SH        600702  ...                 None                 NaN
2499  600702.SH        600702  ...                 None                 NaN

[2500 rows x 39 columns]
       SECUCODE  ... HOLD_CHANGE_RATIOTB
0     600702.SH  ...                 NaN
1     600702.SH  ...                 NaN
2     600703.SH  ...              0.0000
3     600703.SH  ...              0.0000
4     600703.SH  ...             -1.8914
...         ...  ...                 ...
2495  002104.SZ  ...              0.1211
2496  002104.SZ  ...                 NaN
2497  002104.SZ  ...             -0.1234
2498  002104.SZ  ...              0.4480
2499  002104.SZ  ...                 NaN

[2500 rows x 39 columns]
       SECUCODE  ... HOLD_CHANGE_RATIOTB
0     002104.SZ  ...             -0.1372
1     002104.SZ  ...             -0.4985
2     002104.SZ  ...                 NaN
3     002158.SZ  ...             -0.3010
4     002158.SZ  ...             -0.2636
...         ...  ...                 ...
2495  600156.SH  ...                 NaN
2496  600171.SH  ...              0.0000
2497  600171.SH  ...              0.0000
2498  600171.SH  ...              0.4230
2499  600171.SH  ...              0.0740

[2500 rows x 39 columns]
       SECUCODE  ... HOLD_CHANGE_RATIOTB
0     600171.SH  ...                 NaN
1     600171.SH  ...             -0.0357
2     600171.SH  ...                 NaN
3     600171.SH  ...                 NaN
4     600171.SH  ...                 NaN
...         ...  ...                 ...
2495  300708.SZ  ...                 NaN
2496  300708.SZ  ...                 NaN
2497  300708.SZ  ...                 NaN
2498  300708.SZ  ...                 NaN
2499  300708.SZ  ...                 NaN

[2500 rows x 39 columns]
       SECUCODE  ... HOLD_CHANGE_RATIOTB
0     300708.SZ  ...                 NaN
1     300708.SZ  ...                 NaN
2     300708.SZ  ...                 NaN
3     300708.SZ  ...                 NaN
4     300738.SZ  ...                 NaN
...         ...  ...                 ...
2495  603991.SH  ...                 NaN
2496  603991.SH  ...             -0.2102
2497  603991.SH  ...                 NaN
2498  603991.SH  ...                 NaN
2499  603991.SH  ...                 NaN

[2500 rows x 39 columns]
       SECUCODE SECURITY_CODE  ... HOLD_ORG_CODE_SOURCE HOLD_CHANGE_RATIOTB
0     603991.SH        603991  ...                 None                 NaN
1     830948.NQ        830948  ...                 None                 NaN
2     830948.NQ        830948  ...                 None                 NaN
3     830948.NQ        830948  ...                 None                 NaN
4     830948.NQ        830948  ...                 None                 NaN
...         ...           ...  ...                  ...                 ...
2495  603890.SH        603890  ...                 None                 NaN
2496  603890.SH        603890  ...                 None                 NaN
2497  603890.SH        603890  ...                 None                 NaN
2498  603890.SH        603890  ...                 None                 NaN
2499  603890.SH        603890  ...                 None                 NaN

[2500 rows x 39 columns]
      SECUCODE  ... HOLD_CHANGE_RATIOTB
0    603898.SH  ...                 NaN
1    603898.SH  ...                 NaN
2    603898.SH  ...                 NaN
3    603898.SH  ...             -0.4950
4    603898.SH  ...              0.0282
..         ...  ...                 ...
505  300429.SZ  ...                 NaN
506  300429.SZ  ...                 NaN
507  300429.SZ  ...                 NaN
508  300429.SZ  ...                 NaN
509  300429.SZ  ...                 NaN

[510 rows x 39 columns]

===========

2019-03-31
       SECUCODE SECURITY_CODE  ... HOLD_ORG_CODE_SOURCE HOLD_CHANGE_RATIOTB
0     400065.NQ        400065  ...                 None              0.0000
1     400065.NQ        400065  ...                 None              0.0000
2     400065.NQ        400065  ...                 None              0.0000
3     400065.NQ        400065  ...                 None              0.0000
4     400065.NQ        400065  ...                 None                 NaN
...         ...           ...  ...                  ...                 ...
2495  600265.SH        600265  ...                 None              0.3415
2496  600265.SH        600265  ...                 None             -0.0077
2497  600265.SH        600265  ...                 None              0.0005
2498  600265.SH        600265  ...                 None                 NaN
2499  600265.SH        600265  ...                 None              0.0000

[2500 rows x 39 columns]
       SECUCODE  ... HOLD_CHANGE_RATIOTB
0     600291.SH  ...              0.0000
1     600291.SH  ...              0.0000
2     600291.SH  ...              0.0000
3     600291.SH  ...              0.0000
4     600291.SH  ...              0.0000
...         ...  ...                 ...
2495  000917.SZ  ...                 NaN
2496  000917.SZ  ...              0.1767
2497  000917.SZ  ...              0.2391
2498  000917.SZ  ...              0.0000
2499  000917.SZ  ...                 NaN

[2500 rows x 39 columns]
       SECUCODE  ... HOLD_CHANGE_RATIOTB
0     000917.SZ  ...              0.0000
1     000917.SZ  ...              0.1904
2     000926.SZ  ...              0.2266
3     000926.SZ  ...                 NaN
4     000926.SZ  ...                 NaN
...         ...  ...                 ...
2495  000004.SZ  ...              0.0145
2496  000004.SZ  ...             -3.5724
2497  000004.SZ  ...              0.0000
2498  000004.SZ  ...                 NaN
2499  000004.SZ  ...                 NaN

[2500 rows x 39 columns]
       SECUCODE  ... HOLD_CHANGE_RATIOTB
0     000004.SZ  ...                 NaN
1     000004.SZ  ...                 NaN
2     000004.SZ  ...              0.0834
3     000004.SZ  ...              0.0621
4     000004.SZ  ...              0.0830
...         ...  ...                 ...
2495  300758.SZ  ...                 NaN
2496  300758.SZ  ...                 NaN
2497  400012.NQ  ...              5.0000
2498  400012.NQ  ...              0.0000
2499  400012.NQ  ...              0.0000

[2500 rows x 39 columns]
       SECUCODE  ... HOLD_CHANGE_RATIOTB
0     400012.NQ  ...                 0.0
1     400012.NQ  ...                 0.0
2     400012.NQ  ...                 0.0
3     400012.NQ  ...                 0.0
4     400012.NQ  ...                 0.0
...         ...  ...                 ...
2495  002932.SZ  ...                 NaN
2496  002932.SZ  ...                 NaN
2497  002932.SZ  ...                 NaN
2498  002932.SZ  ...                 NaN
2499  002932.SZ  ...                 NaN

[2500 rows x 39 columns]
       SECUCODE SECURITY_CODE  ... HOLD_ORG_CODE_SOURCE HOLD_CHANGE_RATIOTB
0     002932.SZ        002932  ...                 None                 NaN
1     002932.SZ        002932  ...                 None                 NaN
2     002932.SZ        002932  ...                 None                 NaN
3     002935.SZ        002935  ...                 None                 NaN
4     002935.SZ        002935  ...                 None                 NaN
...         ...           ...  ...                  ...                 ...
2495  300008.SZ        300008  ...                 None                 NaN
2496  300008.SZ        300008  ...                 None                 NaN
2497  300008.SZ        300008  ...                 None                 0.0
2498  300008.SZ        300008  ...                 None                 NaN
2499  300008.SZ        300008  ...                 None                 NaN

[2500 rows x 39 columns]
       SECUCODE  ... HOLD_CHANGE_RATIOTB
0     300008.SZ  ...                 NaN
1     300008.SZ  ...                 NaN
2     300008.SZ  ...                 NaN
3     300032.SZ  ...            -14.6177
4     300032.SZ  ...                 NaN
...         ...  ...                 ...
2495  603010.SH  ...              0.7117
2496  603010.SH  ...              1.2743
2497  603010.SH  ...              1.0820
2498  603010.SH  ...              0.4012
2499  603010.SH  ...              0.0951

[2500 rows x 39 columns]
       SECUCODE  ... HOLD_CHANGE_RATIOTB
0     603010.SH  ...                 NaN
1     603010.SH  ...                 NaN
2     603011.SH  ...             -0.2559
3     603011.SH  ...             -0.1571
4     603011.SH  ...             -0.0880
...         ...  ...                 ...
2495  300278.SZ  ...                 NaN
2496  300278.SZ  ...                 NaN
2497  300278.SZ  ...                 NaN
2498  300278.SZ  ...                 NaN
2499  300281.SZ  ...                 NaN

[2500 rows x 39 columns]
       SECUCODE  ... HOLD_CHANGE_RATIOTB
0     300281.SZ  ...              2.4368
1     300281.SZ  ...                 NaN
2     300281.SZ  ...              0.2004
3     300281.SZ  ...                 NaN
4     300281.SZ  ...                 NaN
...         ...  ...                 ...
2495  300276.SZ  ...             -0.0606
2496  300276.SZ  ...              0.0068
2497  300276.SZ  ...                 NaN
2498  300276.SZ  ...                 NaN
2499  300276.SZ  ...                 NaN

[2500 rows x 39 columns]
       SECUCODE  ... HOLD_CHANGE_RATIOTB
0     300276.SZ  ...                 NaN
1     300284.SZ  ...              0.1946
2     300284.SZ  ...              0.0000
3     300284.SZ  ...                 NaN
4     300284.SZ  ...                 NaN
...         ...  ...                 ...
2495  831103.NQ  ...                 NaN
2496  831103.NQ  ...                 NaN
2497  831103.NQ  ...                 NaN
2498  831103.NQ  ...                 NaN
2499  831103.NQ  ...                 NaN

[2500 rows x 39 columns]
       SECUCODE  ... HOLD_CHANGE_RATIOTB
0     831103.NQ  ...                 NaN
1     831103.NQ  ...                 NaN
2     832933.NQ  ...                 NaN
3     832933.NQ  ...                 NaN
4     832933.NQ  ...                 NaN
...         ...  ...                 ...
2495  300436.SZ  ...                 NaN
2496  300457.SZ  ...                 NaN
2497  300457.SZ  ...                 NaN
2498  300457.SZ  ...                 NaN
2499  300457.SZ  ...                 NaN

[2500 rows x 39 columns]
       SECUCODE  ... HOLD_CHANGE_RATIOTB
0     300457.SZ  ...                 NaN
1     300457.SZ  ...                 NaN
2     300457.SZ  ...                 NaN
3     300457.SZ  ...                 NaN
4     300457.SZ  ...                 NaN
...         ...  ...                 ...
2495  900914.SH  ...             -0.0889
2496  900914.SH  ...              0.0000
2497  900914.SH  ...              0.0000
2498  900914.SH  ...              0.0000
2499  900914.SH  ...                 NaN

[2500 rows x 39 columns]
       SECUCODE  ... HOLD_CHANGE_RATIOTB
0     900918.SH  ...              0.1388
1     900918.SH  ...              0.0000
2     900918.SH  ...              0.0000
3     900918.SH  ...              0.0020
4     900918.SH  ...                 NaN
...         ...  ...                 ...
2495  300092.SZ  ...              0.0598
2496  300092.SZ  ...              0.0581
2497  300092.SZ  ...              2.4358
2498  300092.SZ  ...              0.0102
2499  300092.SZ  ...                 NaN

[2500 rows x 39 columns]
       SECUCODE  ... HOLD_CHANGE_RATIOTB
0     300092.SZ  ...                 NaN
1     300092.SZ  ...                 NaN
2     300092.SZ  ...                 NaN
3     300092.SZ  ...                 NaN
4     300105.SZ  ...              0.0000
...         ...  ...                 ...
2495  000655.SZ  ...                 NaN
2496  000655.SZ  ...              0.0291
2497  000655.SZ  ...                 NaN
2498  000705.SZ  ...              0.0000
2499  000705.SZ  ...              0.2340

[2500 rows x 39 columns]
       SECUCODE  ... HOLD_CHANGE_RATIOTB
0     000705.SZ  ...                 NaN
1     000705.SZ  ...              0.0000
2     000705.SZ  ...                 NaN
3     000705.SZ  ...             -0.0332
4     000705.SZ  ...              0.0000
...         ...  ...                 ...
2495  603079.SH  ...                 NaN
2496  603079.SH  ...                 NaN
2497  603079.SH  ...                 NaN
2498  603079.SH  ...                 NaN
2499  603079.SH  ...                 NaN

[2500 rows x 39 columns]
       SECUCODE  ... HOLD_CHANGE_RATIOTB
0     603079.SH  ...             -0.1047
1     603079.SH  ...                 NaN
2     603079.SH  ...              0.0161
3     603969.SH  ...                 NaN
4     603969.SH  ...                 NaN
...         ...  ...                 ...
2495  000929.SZ  ...                 NaN
2496  002107.SZ  ...              0.0000
2497  002107.SZ  ...              0.0000
2498  002107.SZ  ...              0.0000
2499  002107.SZ  ...              0.0000

[2500 rows x 39 columns]
      SECUCODE SECURITY_CODE  ... HOLD_ORG_CODE_SOURCE HOLD_CHANGE_RATIOTB
0    002107.SZ        002107  ...                 None              0.0000
1    002107.SZ        002107  ...                 None                 NaN
2    002107.SZ        002107  ...                 None                 NaN
3    002107.SZ        002107  ...                 None              0.0162
4    002107.SZ        002107  ...                 None                 NaN
..         ...           ...  ...                  ...                 ...
181  300619.SZ        300619  ...                 None                 NaN
182  300619.SZ        300619  ...                 None                 NaN
183  300619.SZ        300619  ...                 None                 NaN
184  300619.SZ        300619  ...                 None                 NaN
185  300619.SZ        300619  ...                 None                 NaN

[186 rows x 39 columns]

===========

2018-12-31
       SECUCODE  ... HOLD_CHANGE_RATIOTB
0     000594.SZ  ...                 0.0
1     000594.SZ  ...                 0.0
2     000594.SZ  ...                 0.0
3     000594.SZ  ...                 0.0
4     000594.SZ  ...                 0.0
...         ...  ...                 ...
2495  400116.NQ  ...                 NaN
2496  400116.NQ  ...                 NaN
2497  400116.NQ  ...                 NaN
2498  400116.NQ  ...                 NaN
2499  400116.NQ  ...                 NaN

[2500 rows x 39 columns]
       SECUCODE  ... HOLD_CHANGE_RATIOTB
0     400116.NQ  ...                 NaN
1     400116.NQ  ...                 NaN
2     400121.NQ  ...                 NaN
3     400121.NQ  ...                 NaN
4     400121.NQ  ...                 NaN
...         ...  ...                 ...
2495  600827.SH  ...              0.0000
2496  600827.SH  ...                 NaN
2497  600831.SH  ...              0.0000
2498  600831.SH  ...              0.5762
2499  600831.SH  ...              0.0000

[2500 rows x 39 columns]
       SECUCODE  ... HOLD_CHANGE_RATIOTB
0     600831.SH  ...                 NaN
1     600831.SH  ...              0.0000
2     600831.SH  ...             -0.5172
3     600831.SH  ...                 NaN
4     600831.SH  ...                 NaN
...         ...  ...                 ...
2495  000760.SZ  ...                 NaN
2496  000760.SZ  ...                 NaN
2497  000761.SZ  ...            -12.0658
2498  000761.SZ  ...                 NaN
2499  000761.SZ  ...              0.0256

[2500 rows x 39 columns]
       SECUCODE  ... HOLD_CHANGE_RATIOTB
0     000761.SZ  ...                 NaN
1     000761.SZ  ...             -0.0280
2     000761.SZ  ...                 NaN
3     000761.SZ  ...             -0.0373
4     000761.SZ  ...                 NaN
...         ...  ...                 ...
2495  300022.SZ  ...                 NaN
2496  300022.SZ  ...                 NaN
2497  300026.SZ  ...              0.0000
2498  300026.SZ  ...              0.0000
2499  300026.SZ  ...                 NaN

[2500 rows x 39 columns]
       SECUCODE  ... HOLD_CHANGE_RATIOTB
0     300026.SZ  ...                 NaN
1     300026.SZ  ...              0.0000
2     300026.SZ  ...                 NaN
3     300026.SZ  ...                 NaN
4     300026.SZ  ...                 NaN
...         ...  ...                 ...
2495  400209.NQ  ...             -1.5040
2496  400209.NQ  ...              0.0000
2497  400209.NQ  ...                 NaN
2498  400209.NQ  ...             -0.7274
2499  400210.NQ  ...                 NaN

[2500 rows x 39 columns]
       SECUCODE  ... HOLD_CHANGE_RATIOTB
0     400210.NQ  ...                 NaN
1     400210.NQ  ...                 NaN
2     400210.NQ  ...                 NaN
3     400210.NQ  ...                 NaN
4     400210.NQ  ...                 NaN
...         ...  ...                 ...
2495  600863.SH  ...              0.0000
2496  600865.SH  ...              2.0000
2497  600865.SH  ...              0.0000
2498  600865.SH  ...             -0.0106
2499  600865.SH  ...              0.0000

[2500 rows x 39 columns]
       SECUCODE  ... HOLD_CHANGE_RATIOTB
0     600865.SH  ...                 NaN
1     600865.SH  ...                 NaN
2     600865.SH  ...                 NaN
3     600865.SH  ...                 NaN
4     600865.SH  ...             -0.2349
...         ...  ...                 ...
2495  832154.NQ  ...                 NaN
2496  832362.NQ  ...                 NaN
2497  832362.NQ  ...              1.7477
2498  832362.NQ  ...                 NaN
2499  832362.NQ  ...                 NaN

[2500 rows x 39 columns]
       SECUCODE  ... HOLD_CHANGE_RATIOTB
0     832362.NQ  ...                 NaN
1     832362.NQ  ...                 NaN
2     832362.NQ  ...                 NaN
3     832362.NQ  ...                 NaN
4     832362.NQ  ...              0.1932
...         ...  ...                 ...
2495  600572.SH  ...             -0.1362
2496  600573.SH  ...              0.0000
2497  600573.SH  ...              0.0000
2498  600573.SH  ...              0.0000
2499  600573.SH  ...             -0.0430

[2500 rows x 39 columns]
       SECUCODE SECURITY_CODE  ... HOLD_ORG_CODE_SOURCE HOLD_CHANGE_RATIOTB
0     600573.SH        600573  ...                 None                 NaN
1     600573.SH        600573  ...                 None                 NaN
2     600573.SH        600573  ...                 None                 NaN
3     600573.SH        600573  ...                 None                 NaN
4     600573.SH        600573  ...                 None             -0.2585
...         ...           ...  ...                  ...                 ...
2495  300248.SZ        300248  ...                 None              0.0564
2496  300248.SZ        300248  ...                 None              0.0556
2497  300248.SZ        300248  ...                 None              0.0504
2498  300248.SZ        300248  ...                 None              0.0277
2499  300248.SZ        300248  ...                 None              0.0171

[2500 rows x 39 columns]
       SECUCODE  ... HOLD_CHANGE_RATIOTB
0     300248.SZ  ...              0.0152
1     300248.SZ  ...              0.0147
2     300248.SZ  ...                 NaN
3     300248.SZ  ...                 NaN
4     300254.SZ  ...              0.5760
...         ...  ...                 ...
2495  601718.SH  ...              0.0057
2496  601718.SH  ...                 NaN
2497  601718.SH  ...              0.0000
2498  601718.SH  ...                 NaN
2499  601718.SH  ...                 NaN

[2500 rows x 39 columns]
       SECUCODE  ... HOLD_CHANGE_RATIOTB
0     601718.SH  ...                 NaN
1     601718.SH  ...                 NaN
2     601811.SH  ...             -0.2261
3     601811.SH  ...              0.0000
4     601811.SH  ...              0.4452
...         ...  ...                 ...
2495  200541.SZ  ...              0.1864
2496  200541.SZ  ...              0.0000
2497  200541.SZ  ...             -0.2792
2498  200541.SZ  ...              0.0257
2499  200541.SZ  ...              0.1880

[2500 rows x 39 columns]
       SECUCODE  ... HOLD_CHANGE_RATIOTB
0     200992.SZ  ...              0.0000
1     200992.SZ  ...                 NaN
2     200992.SZ  ...             -0.9394
3     200992.SZ  ...             -0.0520
4     200992.SZ  ...             -2.7919
...         ...  ...                 ...
2495  600963.SH  ...                 NaN
2496  600963.SH  ...                 NaN
2497  600963.SH  ...                 NaN
2498  600963.SH  ...                 NaN
2499  600963.SH  ...                 NaN

[2500 rows x 39 columns]
       SECUCODE  ... HOLD_CHANGE_RATIOTB
0     600963.SH  ...                 NaN
1     600970.SH  ...              0.3351
2     600970.SH  ...             -2.9941
3     600970.SH  ...              0.2804
4     600970.SH  ...              0.0131
...         ...  ...                 ...
2495  002845.SZ  ...                 NaN
2496  002845.SZ  ...                 NaN
2497  002845.SZ  ...                 NaN
2498  002845.SZ  ...                 NaN
2499  002845.SZ  ...                 NaN

[2500 rows x 39 columns]
       SECUCODE  ... HOLD_CHANGE_RATIOTB
0     002845.SZ  ...                 NaN
1     002845.SZ  ...                 NaN
2     002845.SZ  ...                 NaN
3     002873.SZ  ...                 NaN
4     002873.SZ  ...                 NaN
...         ...  ...                 ...
2495  300012.SZ  ...              5.8464
2496  300012.SZ  ...             -0.6706
2497  300012.SZ  ...                 NaN
2498  300012.SZ  ...                 NaN
2499  300012.SZ  ...                 NaN

[2500 rows x 39 columns]
       SECUCODE  ... HOLD_CHANGE_RATIOTB
0     300012.SZ  ...                 NaN
1     300012.SZ  ...                 NaN
2     300012.SZ  ...                 NaN
3     300012.SZ  ...              0.0016
4     300037.SZ  ...             -0.0099
...         ...  ...                 ...
2495  002080.SZ  ...              0.0000
2496  002080.SZ  ...             -0.3477
2497  002080.SZ  ...              0.0000
2498  002080.SZ  ...                 NaN
2499  002080.SZ  ...                 NaN

[2500 rows x 39 columns]
       SECUCODE  ... HOLD_CHANGE_RATIOTB
0     002080.SZ  ...                 NaN
1     002080.SZ  ...                 NaN
2     002080.SZ  ...             -0.3176
3     002080.SZ  ...                 NaN
4     002080.SZ  ...                 NaN
...         ...  ...                 ...
2459  000697.SZ  ...                 NaN
2460  000697.SZ  ...             -0.0075
2461  000697.SZ  ...              0.2155
2462  000697.SZ  ...             -0.0108
2463  000697.SZ  ...                 NaN

[2464 rows x 39 columns]

===========

2018-09-30
       SECUCODE  ... HOLD_CHANGE_RATIOTB
0     300100.SZ  ...              7.5652
1     300100.SZ  ...                 NaN
2     300100.SZ  ...                 NaN
3     300100.SZ  ...                 NaN
4     300100.SZ  ...                 NaN
...         ...  ...                 ...
2495  600613.SH  ...              0.0000
2496  600613.SH  ...              0.0000
2497  600613.SH  ...              0.0000
2498  600613.SH  ...              0.0000
2499  600613.SH  ...             -0.3848

[2500 rows x 39 columns]
       SECUCODE  ... HOLD_CHANGE_RATIOTB
0     600613.SH  ...                 0.0
1     600613.SH  ...                 NaN
2     600613.SH  ...                 NaN
3     600617.SH  ...                 0.0
4     600617.SH  ...                 0.0
...         ...  ...                 ...
2495  300022.SZ  ...                 0.0
2496  300022.SZ  ...                 NaN
2497  300022.SZ  ...                 NaN
2498  300022.SZ  ...                 NaN
2499  300025.SZ  ...                 NaN

[2500 rows x 39 columns]
       SECUCODE  ... HOLD_CHANGE_RATIOTB
0     300025.SZ  ...                 NaN
1     300025.SZ  ...                 NaN
2     300025.SZ  ...                 NaN
3     300025.SZ  ...              0.0000
4     300025.SZ  ...              0.0000
...         ...  ...                 ...
2495  600487.SH  ...                 NaN
2496  600487.SH  ...             -0.0615
2497  600487.SH  ...                 NaN
2498  600487.SH  ...             -0.1390
2499  600488.SH  ...             -5.6166

[2500 rows x 39 columns]
       SECUCODE  ... HOLD_CHANGE_RATIOTB
0     600488.SH  ...             -0.3588
1     600488.SH  ...             -0.1289
2     600488.SH  ...             -0.0663
3     600488.SH  ...             -0.0125
4     600488.SH  ...             -0.0476
...         ...  ...                 ...
2495  300087.SZ  ...                 NaN
2496  300109.SZ  ...              1.5778
2497  300109.SZ  ...              0.0125
2498  300109.SZ  ...              0.0186
2499  300109.SZ  ...              0.0102

[2500 rows x 39 columns]
       SECUCODE  ... HOLD_CHANGE_RATIOTB
0     300109.SZ  ...              0.0057
1     300109.SZ  ...              0.6256
2     300109.SZ  ...                 NaN
3     300109.SZ  ...              0.0042
4     300109.SZ  ...              0.0034
...         ...  ...                 ...
2495  000586.SZ  ...              0.0000
2496  000586.SZ  ...             -0.2882
2497  000586.SZ  ...              0.0000
2498  000586.SZ  ...                 NaN
2499  000586.SZ  ...              0.0000

[2500 rows x 39 columns]
       SECUCODE  ... HOLD_CHANGE_RATIOTB
0     000586.SZ  ...                 NaN
1     000591.SZ  ...              0.0000
2     000591.SZ  ...             -0.0560
3     000591.SZ  ...             -0.0675
4     000591.SZ  ...              0.4700
...         ...  ...                 ...
2495  400041.NQ  ...              0.0000
2496  400050.NQ  ...              0.0000
2497  400050.NQ  ...              0.0000
2498  400050.NQ  ...              0.0000
2499  400050.NQ  ...              0.0000

[2500 rows x 39 columns]
       SECUCODE  ... HOLD_CHANGE_RATIOTB
0     400050.NQ  ...                 0.0
1     400050.NQ  ...                 0.0
2     400050.NQ  ...                 0.0
3     400050.NQ  ...                 0.0
4     400050.NQ  ...                 0.0
...         ...  ...                 ...
2495  000532.SZ  ...                 NaN
2496  000532.SZ  ...                 NaN
2497  000532.SZ  ...                 NaN
2498  000598.SZ  ...                 0.0
2499  000598.SZ  ...                 0.0

[2500 rows x 39 columns]
       SECUCODE SECURITY_CODE  ... HOLD_ORG_CODE_SOURCE HOLD_CHANGE_RATIOTB
0     000598.SZ        000598  ...                 None                 NaN
1     000598.SZ        000598  ...                 None                 NaN
2     000598.SZ        000598  ...                 None              0.0867
3     000598.SZ        000598  ...                 None              0.1259
4     000598.SZ        000598  ...                 None             -0.0093
...         ...           ...  ...                  ...                 ...
2495  600336.SH        600336  ...                 None             -0.0730
2496  600336.SH        600336  ...                 None                 NaN
2497  600336.SH        600336  ...                 None              0.0000
2498  600336.SH        600336  ...                 None              0.0497
2499  600336.SH        600336  ...                 None             -0.1225

[2500 rows x 39 columns]
       SECUCODE  ... HOLD_CHANGE_RATIOTB
0     600336.SH  ...                 NaN
1     600372.SH  ...              0.0000
2     600372.SH  ...              0.0000
3     600372.SH  ...              0.1922
4     600372.SH  ...              0.0000
...         ...  ...                 ...
2495  300470.SZ  ...                 NaN
2496  300470.SZ  ...             -0.0559
2497  300470.SZ  ...             -0.0150
2498  300473.SZ  ...                 NaN
2499  300473.SZ  ...                 NaN

[2500 rows x 39 columns]
       SECUCODE  ... HOLD_CHANGE_RATIOTB
0     300473.SZ  ...              0.0010
1     300473.SZ  ...              0.0002
2     300473.SZ  ...             -0.1644
3     300473.SZ  ...             -0.0393
4     300473.SZ  ...                 NaN
...         ...  ...                 ...
2495  600332.SH  ...             -0.0221
2496  600332.SH  ...                 NaN
2497  600459.SH  ...                 NaN
2498  600459.SH  ...              0.0000
2499  600459.SH  ...              0.0255

[2500 rows x 39 columns]
       SECUCODE  ... HOLD_CHANGE_RATIOTB
0     600459.SH  ...                 NaN
1     600459.SH  ...                 NaN
2     600459.SH  ...                 NaN
3     600459.SH  ...                 NaN
4     600459.SH  ...                 NaN
...         ...  ...                 ...
2495  000850.SZ  ...              0.0948
2496  000850.SZ  ...             -0.0006
2497  000850.SZ  ...              0.0476
2498  000850.SZ  ...             -0.0042
2499  000850.SZ  ...              0.0000

[2500 rows x 39 columns]
       SECUCODE  ... HOLD_CHANGE_RATIOTB
0     000850.SZ  ...             -0.0088
1     000851.SZ  ...              4.1368
2     000851.SZ  ...                 NaN
3     000851.SZ  ...                 NaN
4     000851.SZ  ...              0.2886
...         ...  ...                 ...
2495  000608.SZ  ...                 NaN
2496  000686.SZ  ...             10.6806
2497  000686.SZ  ...              0.0000
2498  000686.SZ  ...                 NaN
2499  000686.SZ  ...              0.0000

[2500 rows x 39 columns]
       SECUCODE  ... HOLD_CHANGE_RATIOTB
0     000686.SZ  ...                 0.0
1     000686.SZ  ...                 0.0
2     000686.SZ  ...                 0.0
3     000686.SZ  ...                 0.0
4     000686.SZ  ...                 0.0
...         ...  ...                 ...
2495  603378.SH  ...                 NaN
2496  603458.SH  ...                 NaN
2497  603458.SH  ...                 NaN
2498  603458.SH  ...                 NaN
2499  603458.SH  ...                 NaN

[2500 rows x 39 columns]
       SECUCODE  ... HOLD_CHANGE_RATIOTB
0     603458.SH  ...                 NaN
1     603458.SH  ...                 NaN
2     603458.SH  ...                 NaN
3     603458.SH  ...                 NaN
4     603458.SH  ...                 NaN
...         ...  ...                 ...
2495  600869.SH  ...                 NaN
2496  600869.SH  ...             -1.1229
2497  600869.SH  ...                 NaN
2498  600869.SH  ...                 NaN
2499  600869.SH  ...              0.5169

[2500 rows x 39 columns]
       SECUCODE SECURITY_CODE  ... HOLD_ORG_CODE_SOURCE HOLD_CHANGE_RATIOTB
0     600869.SH        600869  ...                 None                 NaN
1     600869.SH        600869  ...                 None                 NaN
2     600869.SH        600869  ...                 None                 NaN
3     600869.SH        600869  ...                 None             -0.1041
4     000037.SZ        000037  ...                 None              0.0000
...         ...           ...  ...                  ...                 ...
2495  300667.SZ        300667  ...                 None                 NaN
2496  300667.SZ        300667  ...                 None                 NaN
2497  300667.SZ        300667  ...                 None                 NaN
2498  300667.SZ        300667  ...                 None                 NaN
2499  300667.SZ        300667  ...                 None                 NaN

[2500 rows x 39 columns]
       SECUCODE  ... HOLD_CHANGE_RATIOTB
0     300667.SZ  ...                 NaN
1     300667.SZ  ...                 NaN
2     400061.NQ  ...              0.0000
3     400061.NQ  ...              0.0000
4     400061.NQ  ...              0.0000
...         ...  ...                 ...
2308  002565.SZ  ...                 NaN
2309  002565.SZ  ...                 NaN
2310  002565.SZ  ...             -0.0310
2311  002565.SZ  ...             -0.0223
2312  002565.SZ  ...                 NaN

[2313 rows x 39 columns]

===========

2018-06-30
       SECUCODE  ... HOLD_CHANGE_RATIOTB
0     000048.SZ  ...              0.0000
1     000048.SZ  ...              0.0000
2     000048.SZ  ...                 NaN
3     000048.SZ  ...              0.1394
4     000048.SZ  ...                 NaN
...         ...  ...                 ...
2495  002188.SZ  ...                 NaN
2496  002188.SZ  ...              0.0194
2497  002188.SZ  ...              0.5882
2498  002188.SZ  ...             -0.3767
2499  002188.SZ  ...                 NaN

[2500 rows x 39 columns]
       SECUCODE  ... HOLD_CHANGE_RATIOTB
0     002188.SZ  ...                 NaN
1     002188.SZ  ...             -0.2859
2     002190.SZ  ...             -1.9375
3     002190.SZ  ...             -0.0803
4     002190.SZ  ...             -0.0360
...         ...  ...                 ...
2495  400243.NQ  ...                 NaN
2496  400243.NQ  ...                 NaN
2497  400243.NQ  ...                 NaN
2498  400245.NQ  ...             -0.9220
2499  400245.NQ  ...             -0.7308

[2500 rows x 39 columns]
       SECUCODE  ... HOLD_CHANGE_RATIOTB
0     400245.NQ  ...                 NaN
1     400245.NQ  ...             -0.1649
2     400245.NQ  ...             -0.1480
3     400245.NQ  ...             -0.1199
4     400245.NQ  ...             -0.0152
...         ...  ...                 ...
2495  600584.SH  ...                 NaN
2496  600586.SH  ...              0.0127
2497  600586.SH  ...              0.0011
2498  600586.SH  ...              0.0008
2499  600586.SH  ...              0.0005

[2500 rows x 39 columns]
       SECUCODE  ... HOLD_CHANGE_RATIOTB
0     600586.SH  ...                 NaN
1     600586.SH  ...              0.0004
2     600586.SH  ...                 NaN
3     600586.SH  ...              0.0004
4     600586.SH  ...              0.0004
...         ...  ...                 ...
2495  603126.SH  ...                 NaN
2496  603126.SH  ...                 NaN
2497  603126.SH  ...                 NaN
2498  603126.SH  ...                 NaN
2499  603126.SH  ...              0.0462

[2500 rows x 39 columns]
       SECUCODE  ... HOLD_CHANGE_RATIOTB
0     603126.SH  ...                 NaN
1     603126.SH  ...                 NaN
2     603126.SH  ...             -0.5081
3     603126.SH  ...             -0.7754
4     603127.SH  ...                 NaN
...         ...  ...                 ...
2495  000897.SZ  ...              0.0000
2496  000897.SZ  ...              0.0000
2497  000897.SZ  ...              0.0000
2498  000897.SZ  ...              0.0000
2499  000897.SZ  ...              0.0000

[2500 rows x 39 columns]
       SECUCODE  ... HOLD_CHANGE_RATIOTB
0     000900.SZ  ...              0.0000
1     000900.SZ  ...              0.0000
2     000900.SZ  ...              0.0000
3     000900.SZ  ...             -0.0107
4     000900.SZ  ...                 NaN
...         ...  ...                 ...
2495  300167.SZ  ...                 NaN
2496  300167.SZ  ...                 NaN
2497  300167.SZ  ...                 NaN
2498  300174.SZ  ...                 NaN
2499  300174.SZ  ...              0.0000

[2500 rows x 39 columns]
       SECUCODE  ... HOLD_CHANGE_RATIOTB
0     300174.SZ  ...                 NaN
1     300174.SZ  ...              0.0000
2     300174.SZ  ...              0.0014
3     300174.SZ  ...              0.0000
4     300174.SZ  ...                 NaN
...         ...  ...                 ...
2495  600285.SH  ...              0.0000
2496  600285.SH  ...              1.3590
2497  600285.SH  ...              0.0000
2498  600285.SH  ...              0.0000
2499  600285.SH  ...                 NaN

[2500 rows x 39 columns]
       SECUCODE  ... HOLD_CHANGE_RATIOTB
0     600285.SH  ...                 NaN
1     600285.SH  ...                 0.0
2     600285.SH  ...                 0.0
3     600285.SH  ...                 NaN
4     600285.SH  ...                 NaN
...         ...  ...                 ...
2495  603698.SH  ...                 NaN
2496  603709.SH  ...                 NaN
2497  603709.SH  ...                 NaN
2498  603709.SH  ...                 NaN
2499  603709.SH  ...                 NaN

[2500 rows x 39 columns]
       SECUCODE  ... HOLD_CHANGE_RATIOTB
0     603709.SH  ...                 NaN
1     603709.SH  ...                 NaN
2     603709.SH  ...                 NaN
3     603709.SH  ...                 NaN
4     603709.SH  ...                 NaN
...         ...  ...                 ...
2495  300065.SZ  ...                 NaN
2496  300074.SZ  ...                 NaN
2497  300074.SZ  ...              2.9437
2498  300074.SZ  ...             -6.4475
2499  300074.SZ  ...                 NaN

[2500 rows x 39 columns]
       SECUCODE SECURITY_CODE  ... HOLD_ORG_CODE_SOURCE HOLD_CHANGE_RATIOTB
0     300074.SZ        300074  ...                 None                 NaN
1     300074.SZ        300074  ...                 None                 NaN
2     300074.SZ        300074  ...                 None                 NaN
3     300074.SZ        300074  ...                 None                 NaN
4     300074.SZ        300074  ...                 None                 NaN
...         ...           ...  ...                  ...                 ...
2495  600525.SH        600525  ...                 None                 NaN
2496  600525.SH        600525  ...                 None              0.5439
2497  600525.SH        600525  ...                 None             -0.7783
2498  600525.SH        600525  ...                 None             -1.1717
2499  600525.SH        600525  ...                 None                 NaN

[2500 rows x 39 columns]
       SECUCODE  ... HOLD_CHANGE_RATIOTB
0     600525.SH  ...                 NaN
1     600525.SH  ...             -0.0103
2     600525.SH  ...                 NaN
3     600528.SH  ...                 NaN
4     600528.SH  ...                 NaN
...         ...  ...                 ...
2495  002380.SZ  ...                 NaN
2496  002380.SZ  ...                 NaN
2497  002380.SZ  ...                 NaN
2498  002380.SZ  ...              0.5137
2499  002380.SZ  ...              0.0000

[2500 rows x 39 columns]
       SECUCODE  ... HOLD_CHANGE_RATIOTB
0     002380.SZ  ...              0.0000
1     002380.SZ  ...                 NaN
2     002392.SZ  ...              1.9384
3     002392.SZ  ...                 NaN
4     002392.SZ  ...                 NaN
...         ...  ...                 ...
2495  600721.SH  ...              0.0000
2496  600721.SH  ...              0.0000
2497  600742.SH  ...              0.0000
2498  600742.SH  ...              0.4425
2499  600742.SH  ...              1.6794

[2500 rows x 39 columns]
       SECUCODE  ... HOLD_CHANGE_RATIOTB
0     600742.SH  ...                 NaN
1     600742.SH  ...                 NaN
2     600742.SH  ...                 NaN
3     600742.SH  ...             -0.0690
4     600742.SH  ...              0.0272
...         ...  ...                 ...
2495  300457.SZ  ...                 NaN
2496  300457.SZ  ...                 NaN
2497  300457.SZ  ...                 NaN
2498  300457.SZ  ...                 NaN
2499  300457.SZ  ...             -2.9410

[2500 rows x 39 columns]
       SECUCODE  ... HOLD_CHANGE_RATIOTB
0     300457.SZ  ...                 NaN
1     300459.SZ  ...                 NaN
2     300459.SZ  ...             -0.4433
3     300459.SZ  ...             -0.3408
4     300459.SZ  ...                 NaN
...         ...  ...                 ...
2495  002494.SZ  ...              0.0000
2496  002494.SZ  ...              0.9618
2497  002494.SZ  ...                 NaN
2498  002494.SZ  ...              0.6372
2499  002494.SZ  ...                 NaN

[2500 rows x 39 columns]
       SECUCODE  ... HOLD_CHANGE_RATIOTB
0     002494.SZ  ...                 NaN
1     002494.SZ  ...                 NaN
2     002494.SZ  ...                 NaN
3     002494.SZ  ...                 NaN
4     002494.SZ  ...             -0.0650
...         ...  ...                 ...
2495  603883.SH  ...             -1.4780
2496  603883.SH  ...                 NaN
2497  603883.SH  ...             -0.5984
2498  603883.SH  ...                 NaN
2499  603883.SH  ...             -0.6472

[2500 rows x 39 columns]
       SECUCODE  ... HOLD_CHANGE_RATIOTB
0     603883.SH  ...                 NaN
1     603883.SH  ...             -0.4681
2     900908.SH  ...             -0.7000
3     900908.SH  ...              0.0000
4     900908.SH  ...              0.0000
...         ...  ...                 ...
2040  600696.SH  ...              0.0000
2041  600696.SH  ...                 NaN
2042  600696.SH  ...                 NaN
2043  600696.SH  ...              0.0000
2044  600696.SH  ...                 NaN

[2045 rows x 39 columns]

===========

2018-03-31
dfcf_owner_0_2018-03-31_10.csv
dfcf_owner_0_2019-06-30_10.csv
dfcf_owner_0_2019-12-31_7.csv
dfcf_owner_0_2019-12-31_4.csv
dfcf_owner_0_2018-09-30_13.csv
dfcf_owner_0_2019-09-30_16.csv
dfcf_owner_0_2019-09-30_9.csv
dfcf_owner_0_2019-03-31_4.csv
dfcf_owner_0_2019-09-30_10.csv
dfcf_owner_0_2019-03-31_3.csv
dfcf_owner_0_2019-06-30_7.csv
dfcf_owner_0_2018-03-31_3.csv
dfcf_owner_0_2019-09-30_4.csv
dfcf_owner_0_2019-09-30_14.csv
dfcf_owner_0_2019-06-30_5.csv
dfcf_owner_0_2019-12-31_15.csv
dfcf_owner_0_2019-06-30_15.csvINFO:20:[2024-12-23 12:27:08] [info] [download_owner_dfcf_history_v1.py - 111 - main_run] =finish get fin report data=

dfcf_owner_0_2018-12-31_3.csv
dfcf_owner_0_2019-06-30_13.csv
dfcf_owner_0_2019-12-31_13.csv
dfcf_owner_0_2018-03-31_7.csv
dfcf_owner_0_2019-09-30_3.csv
dfcf_owner_0_2019-03-31_1.csv
dfcf_owner_0_2018-09-30_9.csv
dfcf_owner_0_2019-06-30_11.csv
dfcf_owner_0_2019-03-31_9.csv
dfcf_owner_0_2019-09-30_13.csv
dfcf_owner_0_2018-06-30_6.csv
dfcf_owner_0_2018-12-31_14.csv
dfcf_owner_0_2019-12-31_17.csv
dfcf_owner_0_2018-12-31_13.csv
dfcf_owner_0_2019-03-31_13.csv
dfcf_owner_0_2018-12-31_4.csv
dfcf_owner_0_2019-06-30_4.csv
dfcf_owner_0_2018-06-30_7.csv
dfcf_owner_0_2018-12-31_9.csv
dfcf_owner_0_2019-12-31_1.csv
dfcf_owner_0_2019-09-30_7.csv
dfcf_owner_0_2019-12-31_2.csv
dfcf_owner_0_2019-06-30_9.csv
dfcf_owner_0_2019-09-30_1.csv
dfcf_owner_0_2019-06-30_1.csv
dfcf_owner_0_2018-06-30_2.csv
dfcf_owner_0_2018-03-31_6.csv
dfcf_owner_0_2018-09-30_8.csv
dfcf_owner_0_2018-06-30_1.csv
dfcf_owner_0_2018-03-31_16.csv
dfcf_owner_0_2018-03-31_5.csv
dfcf_owner_0_2018-03-31_2.csv
dfcf_owner_0_2018-12-31_7.csv
dfcf_owner_0_2018-06-30_11.csv
dfcf_owner_0_2018-03-31_14.csv
dfcf_owner_0_2018-06-30_15.csv
dfcf_owner_0_2018-09-30_14.csv
dfcf_owner_0_2018-12-31_6.csv
dfcf_owner_0_2019-12-31_12.csv
dfcf_owner_0_2019-06-30_14.csv
dfcf_owner_0_2019-03-31_10.csv
dfcf_owner_0_2018-06-30_9.csv
dfcf_owner_0_2019-06-30_8.csv
dfcf_owner_0_2019-06-30_16.csv
dfcf_owner_0_2019-03-31_14.csv
dfcf_owner_0_2018-06-30_8.csv
dfcf_owner_0_2019-09-30_8.csv
dfcf_owner_0_2018-06-30_16.csv
dfcf_owner_0_2019-09-30_2.csv
dfcf_owner_0_2019-03-31_8.csv
dfcf_owner_0_2018-09-30_12.csv
dfcf_owner_0_2018-09-30_10.csv
dfcf_owner_0_2019-12-31_11.csv
dfcf_owner_0_2018-09-30_4.csv
dfcf_owner_0_2018-06-30_3.csv
dfcf_owner_0_2019-03-31_16.csv
dfcf_owner_0_2018-12-31_8.csv
dfcf_owner_0_2018-03-31_1.csv
dfcf_owner_0_2019-03-31_5.csv
dfcf_owner_0_2019-09-30_11.csv
dfcf_owner_0_2019-06-30_17.csv
dfcf_owner_0_2019-09-30_12.csv
dfcf_owner_0_2018-12-31_5.csv
dfcf_owner_0_2019-06-30_12.csv
dfcf_owner_0_2019-03-31_12.csv
dfcf_owner_0_2018-12-31_15.csv
dfcf_owner_0_2018-12-31_12.csv
dfcf_owner_0_2019-09-30_15.csv
dfcf_owner_0_2018-12-31_1.csv
dfcf_owner_0_2018-09-30_7.csv
dfcf_owner_0_2019-06-30_6.csv
dfcf_owner_0_2018-09-30_5.csv
dfcf_owner_0_2019-03-31_2.csv
dfcf_owner_0_2018-12-31_17.csv
dfcf_owner_0_2018-12-31_10.csv
dfcf_owner_0_2019-12-31_10.csv
dfcf_owner_0_2018-12-31_2.csv
dfcf_owner_0_2018-09-30_3.csv
dfcf_owner_0_2018-09-30_15.csv
dfcf_owner_0_2019-03-31_6.csv
dfcf_owner_0_2019-12-31_5.csv
dfcf_owner_0_2019-09-30_6.csv
dfcf_owner_0_2018-09-30_11.csv
dfcf_owner_0_2019-06-30_2.csv
dfcf_owner_0_2019-03-31_7.csv
dfcf_owner_0_2019-09-30_5.csv
dfcf_owner_0_2018-12-31_16.csv
dfcf_owner_0_2018-06-30_13.csv
dfcf_owner_0_2018-09-30_1.csv
dfcf_owner_0_2018-03-31_11.csv
dfcf_owner_0_2019-12-31_14.csv
dfcf_owner_0_2018-03-31_9.csv
dfcf_owner_0_2019-03-31_15.csv
dfcf_owner_0_2019-12-31_9.csv
dfcf_owner_0_2018-06-30_10.csv
dfcf_owner_0_2018-12-31_11.csv
dfcf_owner_0_2019-03-31_17.csv
dfcf_owner_0_2018-03-31_13.csv
dfcf_owner_0_2019-09-30_17.csv
dfcf_owner_0_2019-12-31_6.csv
dfcf_owner_0_2018-09-30_16.csv
dfcf_owner_0_2018-09-30_2.csv
dfcf_owner_0_2018-09-30_6.csv
dfcf_owner_0_2018-03-31_4.csv
dfcf_owner_0_2019-06-30_3.csv
dfcf_owner_0_2018-06-30_4.csv
dfcf_owner_0_2018-03-31_8.csv
dfcf_owner_0_2018-06-30_12.csv
dfcf_owner_0_2019-12-31_3.csv
dfcf_owner_0_2018-06-30_14.csv
dfcf_owner_0_2018-06-30_5.csv
dfcf_owner_0_2019-03-31_11.csv
dfcf_owner_0_2018-03-31_12.csv
dfcf_owner_0_2018-03-31_15.csv
dfcf_owner_0_2019-12-31_16.csv
dfcf_owner_0_2019-12-31_8.csv
======================================
=====================================
